<?xml version="1.0" encoding="UTF-8"?>
<!-- Generated by org.testng.reporters.JUnitXMLReporter -->
<testsuite hostname="IQA-Kapil" name="NC Smoke Suite" tests="15" failures="4" timestamp="6 Jul 2018 12:50:47 GMT" time="3259.321" errors="0">
  <testcase name="@AfterClass logout" time="0.0" classname="com.scripts.regTestCases.JobApplication">
    <skipped/>
  </testcase> <!-- @AfterClass logout -->
  <testcase name="homeBase" time="14.923" classname="com.scripts.regTestCases.HomePage"/>
  <testcase name="loginWithoutMandatoryFields" time="134.627" classname="com.scripts.regTestCases.Login"/>
  <testcase name="verifyMandatoryFields" time="326.366" classname="com.scripts.regTestCases.ManageUsersDA"/>
  <testcase name="createJobWithPostingEndDate" time="222.806" classname="com.scripts.regTestCases.TMDistJobOrder"/>
  <testcase name="downloadEXCEL" time="231.6" classname="com.scripts.regTestCases.DADistJobOrder"/>
  <testcase name="setJobPreferences" time="31.611" classname="com.scripts.regTestCases.JobPreferences"/>
  <testcase name="verifyPersonalPlanningRedirections" time="369.541" classname="com.scripts.regTestCases.CandidateDashboard">
    <failure type="java.lang.NullPointerException">
      <![CDATA[java.lang.NullPointerException
	at com.scripts.businessLogic.CandidateDashboardBL.verifyCoverLetterRedirection(CandidateDashboardBL.java:329)
	at com.scripts.businessLogic.CandidateDashboardBL.verifyJobApplicationSection(CandidateDashboardBL.java:283)
	at com.scripts.regTestCases.CandidateDashboard.verifyPersonalPlanningRedirections(CandidateDashboard.java:38)
... Removed 24 stack frames]]>
    </failure>
  </testcase> <!-- verifyPersonalPlanningRedirections -->
  <testcase name="personalInfo" time="136.449" classname="com.scripts.regTestCases.CandidatePortfolio">
    <skipped/>
  </testcase> <!-- personalInfo -->
  <testcase name="applyForJobOpps" time="131.397" classname="com.scripts.regTestCases.JobApplication">
    <failure type="org.openqa.selenium.TimeoutException" message="Expected condition failed: waiting for com.scripts.lib.commonFunction.CommonUtills$1@eda25e5 (tried for 30 second(s) with 2000 milliseconds interval)
Build info: version: &amp;apos;3.11.0&amp;apos;, revision: &amp;apos;e59cfb3&amp;apos;, time: &amp;apos;2018-03-11T20:26:55.152Z&amp;apos;
System info: host: &amp;apos;IQA-KAPIL&amp;apos;, ip: &amp;apos;192.168.15.154&amp;apos;, os.name: &amp;apos;Windows 7&amp;apos;, os.arch: &amp;apos;amd64&amp;apos;, os.version: &amp;apos;6.1&amp;apos;, java.version: &amp;apos;1.8.0&amp;apos;
Driver info: driver.version: unknown">
      <![CDATA[org.openqa.selenium.TimeoutException: Expected condition failed: waiting for com.scripts.lib.commonFunction.CommonUtills$1@eda25e5 (tried for 30 second(s) with 2000 milliseconds interval)
Build info: version: '3.11.0', revision: 'e59cfb3', time: '2018-03-11T20:26:55.152Z'
System info: host: 'IQA-KAPIL', ip: '192.168.15.154', os.name: 'Windows 7', os.arch: 'amd64', os.version: '6.1', java.version: '1.8.0'
Driver info: driver.version: unknown
	at org.openqa.selenium.support.ui.FluentWait.timeoutException(FluentWait.java:303)
	at org.openqa.selenium.support.ui.FluentWait.until(FluentWait.java:271)
	at com.scripts.lib.commonFunction.CommonUtills.waitForPageToLoadWithCond(CommonUtills.java:91)
	at com.scripts.businessLogic.ApplyForJobsBL.fillDSPQ(ApplyForJobsBL.java:123)
	at com.scripts.regTestCases.JobApplication.applyForJobOpps(JobApplication.java:45)
... Removed 24 stack frames]]>
    </failure>
  </testcase> <!-- applyForJobOpps -->
  <testcase name="importCandidates" time="123.38" classname="com.scripts.regTestCases.TMImportCandidates"/>
  <testcase name="importUsers" time="64.174" classname="com.scripts.regTestCases.TMImportUsers">
    <failure type="org.openqa.selenium.TimeoutException" message="Expected condition failed: waiting for com.scripts.lib.commonFunction.CommonUtills$1@1d730606 (tried for 30 second(s) with 2000 milliseconds interval)
Build info: version: &amp;apos;3.11.0&amp;apos;, revision: &amp;apos;e59cfb3&amp;apos;, time: &amp;apos;2018-03-11T20:26:55.152Z&amp;apos;
System info: host: &amp;apos;IQA-KAPIL&amp;apos;, ip: &amp;apos;192.168.15.154&amp;apos;, os.name: &amp;apos;Windows 7&amp;apos;, os.arch: &amp;apos;amd64&amp;apos;, os.version: &amp;apos;6.1&amp;apos;, java.version: &amp;apos;1.8.0&amp;apos;
Driver info: driver.version: unknown">
      <![CDATA[org.openqa.selenium.TimeoutException: Expected condition failed: waiting for com.scripts.lib.commonFunction.CommonUtills$1@1d730606 (tried for 30 second(s) with 2000 milliseconds interval)
Build info: version: '3.11.0', revision: 'e59cfb3', time: '2018-03-11T20:26:55.152Z'
System info: host: 'IQA-KAPIL', ip: '192.168.15.154', os.name: 'Windows 7', os.arch: 'amd64', os.version: '6.1', java.version: '1.8.0'
Driver info: driver.version: unknown
	at org.openqa.selenium.support.ui.FluentWait.timeoutException(FluentWait.java:303)
	at org.openqa.selenium.support.ui.FluentWait.until(FluentWait.java:271)
	at com.scripts.lib.commonFunction.CommonUtills.waitForPageToLoadWithCond(CommonUtills.java:91)
	at com.scripts.businessLogic.ImportUserBL.importUsers(ImportUserBL.java:53)
	at com.scripts.regTestCases.TMImportUsers.importUsers(TMImportUsers.java:54)
... Removed 24 stack frames]]>
    </failure>
  </testcase> <!-- importUsers -->
  <testcase name="importJobs" time="0.018" classname="com.scripts.regTestCases.TMImportJobs">
    <failure type="java.io.FileNotFoundException" message="C:\Users\kapil.gupta\git\ig-nc-smoke-automation\src\test\resources\TPLTestDataSheet.xls (The system cannot find the file specified)">
      <![CDATA[java.io.FileNotFoundException: C:\Users\kapil.gupta\git\ig-nc-smoke-automation\src\test\resources\TPLTestDataSheet.xls (The system cannot find the file specified)
	at java.io.FileInputStream.open(Native Method)
	at java.io.FileInputStream.<init>(Unknown Source)
	at java.io.FileInputStream.<init>(Unknown Source)
	at utils.load.dataSource.CopySheet.copySheet(CopySheet.java:18)
	at com.scripts.regTestCases.TMImportJobs.importJobs(TMImportJobs.java:65)
... Removed 24 stack frames]]>
    </failure>
  </testcase> <!-- importJobs -->
  <testcase name="candidateProfileThroughCG" time="5.812" classname="com.scripts.regTestCases.DACandidateGrid">
    <skipped/>
  </testcase> <!-- candidateProfileThroughCG -->
  <testcase name="login" time="261.793" classname="com.scripts.regTestCases.DAManageDistrictAccountInformation"/>
  <testcase name="login" time="498.518" classname="com.scripts.regTestCases.TMManageDistrictAccountInformation"/>
</testsuite> <!-- NC Smoke Suite -->
