<html>
<head>
<title>TestNG:  NC Smoke Suite</title>
<link href="../testng.css" rel="stylesheet" type="text/css" />
<link href="../my-testng.css" rel="stylesheet" type="text/css" />

<style type="text/css">
.log { display: none;} 
.stack-trace { display: none;} 
</style>
<script type="text/javascript">
<!--
function flip(e) {
  current = e.style.display;
  if (current == 'block') {
    e.style.display = 'none';
    return 0;
  }
  else {
    e.style.display = 'block';
    return 1;
  }
}

function toggleBox(szDivId, elem, msg1, msg2)
{
  var res = -1;  if (document.getElementById) {
    res = flip(document.getElementById(szDivId));
  }
  else if (document.all) {
    // this is the way old msie versions work
    res = flip(document.all[szDivId]);
  }
  if(elem) {
    if(res == 0) elem.innerHTML = msg1; else elem.innerHTML = msg2;
  }

}

function toggleAllBoxes() {
  if (document.getElementsByTagName) {
    d = document.getElementsByTagName('div');
    for (i = 0; i < d.length; i++) {
      if (d[i].className == 'log') {
        flip(d[i]);
      }
    }
  }
}

// -->
</script>

</head>
<body>
<h2 align='center'>NC Smoke Suite</h2><table border='1' align="center">
<tr>
<td>Tests passed/Failed/Skipped:</td><td>8/4/3</td>
</tr><tr>
<td>Started on:</td><td>Wed Aug 08 09:28:22 IST 2018</td>
</tr>
<tr><td>Total time:</td><td>4012 seconds (4012099 ms)</td>
</tr><tr>
<td>Included groups:</td><td></td>
</tr><tr>
<td>Excluded groups:</td><td></td>
</tr>
</table><p/>
<small><i>(Hover the method name to see the test class name)</i></small><p/>
<table width='100%' border='1' class='invocation-skipped'>
<tr><td colspan='4' align='center'><b>SKIPPED CONFIGURATIONS</b></td></tr>
<tr><td><b>Test method</b></td>
<td width="30%"><b>Exception</b></td>
<td width="10%"><b>Time (seconds)</b></td>
<td><b>Instance</b></td>
</tr>
<tr>
<td title='com.scripts.regTestCases.TMImportCandidates.logout()'><b>logout</b><br>Test class: com.scripts.regTestCases.TMImportCandidates</td>
<td><div><pre>org.testng.SkipException: 
	at com.scripts.lib.commonFunction.CommonUtills.click(CommonUtills.java:496)
	at com.scripts.businessLogic.LoginBL.logout(LoginBL.java:251)
	at com.scripts.regTestCases.TMImportCandidates.logout(TMImportCandidates.java:79)
... Removed 25 stack frames</pre></div><a href='#' onClick='toggleBox("stack-trace1317375498", this, "Click to show all stack frames", "Click to hide stack frames")'>Click to show all stack frames</a>
<div class='stack-trace' id='stack-trace1317375498'><pre>org.testng.SkipException: 
	at com.scripts.lib.commonFunction.CommonUtills.click(CommonUtills.java:496)
	at com.scripts.businessLogic.LoginBL.logout(LoginBL.java:251)
	at com.scripts.regTestCases.TMImportCandidates.logout(TMImportCandidates.java:79)
	at sun.reflect.NativeMethodAccessorImpl.invoke0(Native Method)
	at sun.reflect.NativeMethodAccessorImpl.invoke(Unknown Source)
	at sun.reflect.DelegatingMethodAccessorImpl.invoke(Unknown Source)
	at java.lang.reflect.Method.invoke(Unknown Source)
	at org.testng.internal.MethodInvocationHelper.invokeMethod(MethodInvocationHelper.java:108)
	at org.testng.internal.Invoker.invokeConfigurationMethod(Invoker.java:523)
	at org.testng.internal.Invoker.invokeConfigurations(Invoker.java:224)
	at org.testng.internal.Invoker.invokeConfigurations(Invoker.java:146)
	at org.testng.internal.TestMethodWorker.invokeAfterClassMethods(TestMethodWorker.java:212)
	at org.testng.internal.TestMethodWorker.run(TestMethodWorker.java:112)
	at org.testng.TestRunner.privateRun(TestRunner.java:744)
	at org.testng.TestRunner.run(TestRunner.java:602)
	at org.testng.SuiteRunner.runTest(SuiteRunner.java:380)
	at org.testng.SuiteRunner.runSequentially(SuiteRunner.java:375)
	at org.testng.SuiteRunner.privateRun(SuiteRunner.java:340)
	at org.testng.SuiteRunner.run(SuiteRunner.java:289)
	at org.testng.SuiteRunnerWorker.runSuite(SuiteRunnerWorker.java:52)
	at org.testng.SuiteRunnerWorker.run(SuiteRunnerWorker.java:86)
	at org.testng.TestNG.runSuitesSequentially(TestNG.java:1301)
	at org.testng.TestNG.runSuitesLocally(TestNG.java:1226)
	at org.testng.TestNG.runSuites(TestNG.java:1144)
	at org.testng.TestNG.run(TestNG.java:1115)
	at org.testng.remote.AbstractRemoteTestNG.run(AbstractRemoteTestNG.java:132)
	at org.testng.remote.RemoteTestNG.initAndRun(RemoteTestNG.java:230)
	at org.testng.remote.RemoteTestNG.main(RemoteTestNG.java:76)
</pre></div></td>
<td>20</td>
<td>com.scripts.regTestCases.TMImportCandidates@33f88ab</td></tr>
</table><p>
<table width='100%' border='1' class='invocation-failed'>
<tr><td colspan='4' align='center'><b>FAILED TESTS</b></td></tr>
<tr><td><b>Test method</b></td>
<td width="30%"><b>Exception</b></td>
<td width="10%"><b>Time (seconds)</b></td>
<td><b>Instance</b></td>
</tr>
<tr>
<td title='com.scripts.regTestCases.JobApplication.applyForJobOpps()'><b>applyForJobOpps</b><br>Test class: com.scripts.regTestCases.JobApplication</td>
<td><div><pre>org.openqa.selenium.TimeoutException: Expected condition failed: waiting for com.scripts.lib.commonFunction.CommonUtills$1@54a67a45 (tried for 30 second(s) with 2000 milliseconds interval)
Build info: version: &apos;3.11.0&apos;, revision: &apos;e59cfb3&apos;, time: &apos;2018-03-11T20:26:55.152Z&apos;
System info: host: &apos;IQA-MAYANK&apos;, ip: &apos;192.168.15.8&apos;, os.name: &apos;Windows 7&apos;, os.arch: &apos;amd64&apos;, os.version: &apos;6.1&apos;, java.version: &apos;1.8.0_171&apos;
Driver info: driver.version: unknown
	at org.openqa.selenium.support.ui.FluentWait.timeoutException(FluentWait.java:303)
	at org.openqa.selenium.support.ui.FluentWait.until(FluentWait.java:271)
	at com.scripts.lib.commonFunction.CommonUtills.waitForPageToLoadWithCond(CommonUtills.java:91)
	at com.scripts.businessLogic.ApplyForJobsBL.applyJobByTitle(ApplyForJobsBL.java:85)
	at com.scripts.regTestCases.JobApplication.applyForJobOpps(JobApplication.java:40)
... Removed 25 stack frames</pre></div><a href='#' onClick='toggleBox("stack-trace1574873161", this, "Click to show all stack frames", "Click to hide stack frames")'>Click to show all stack frames</a>
<div class='stack-trace' id='stack-trace1574873161'><pre>org.openqa.selenium.TimeoutException: Expected condition failed: waiting for com.scripts.lib.commonFunction.CommonUtills$1@54a67a45 (tried for 30 second(s) with 2000 milliseconds interval)
Build info: version: &apos;3.11.0&apos;, revision: &apos;e59cfb3&apos;, time: &apos;2018-03-11T20:26:55.152Z&apos;
System info: host: &apos;IQA-MAYANK&apos;, ip: &apos;192.168.15.8&apos;, os.name: &apos;Windows 7&apos;, os.arch: &apos;amd64&apos;, os.version: &apos;6.1&apos;, java.version: &apos;1.8.0_171&apos;
Driver info: driver.version: unknown
	at org.openqa.selenium.support.ui.FluentWait.timeoutException(FluentWait.java:303)
	at org.openqa.selenium.support.ui.FluentWait.until(FluentWait.java:271)
	at com.scripts.lib.commonFunction.CommonUtills.waitForPageToLoadWithCond(CommonUtills.java:91)
	at com.scripts.businessLogic.ApplyForJobsBL.applyJobByTitle(ApplyForJobsBL.java:85)
	at com.scripts.regTestCases.JobApplication.applyForJobOpps(JobApplication.java:40)
	at sun.reflect.NativeMethodAccessorImpl.invoke0(Native Method)
	at sun.reflect.NativeMethodAccessorImpl.invoke(Unknown Source)
	at sun.reflect.DelegatingMethodAccessorImpl.invoke(Unknown Source)
	at java.lang.reflect.Method.invoke(Unknown Source)
	at org.testng.internal.MethodInvocationHelper.invokeMethod(MethodInvocationHelper.java:108)
	at org.testng.internal.Invoker.invokeMethod(Invoker.java:661)
	at org.testng.internal.Invoker.invokeTestMethod(Invoker.java:869)
	at org.testng.internal.Invoker.invokeTestMethods(Invoker.java:1193)
	at org.testng.internal.TestMethodWorker.invokeTestMethods(TestMethodWorker.java:126)
	at org.testng.internal.TestMethodWorker.run(TestMethodWorker.java:109)
	at org.testng.TestRunner.privateRun(TestRunner.java:744)
	at org.testng.TestRunner.run(TestRunner.java:602)
	at org.testng.SuiteRunner.runTest(SuiteRunner.java:380)
	at org.testng.SuiteRunner.runSequentially(SuiteRunner.java:375)
	at org.testng.SuiteRunner.privateRun(SuiteRunner.java:340)
	at org.testng.SuiteRunner.run(SuiteRunner.java:289)
	at org.testng.SuiteRunnerWorker.runSuite(SuiteRunnerWorker.java:52)
	at org.testng.SuiteRunnerWorker.run(SuiteRunnerWorker.java:86)
	at org.testng.TestNG.runSuitesSequentially(TestNG.java:1301)
	at org.testng.TestNG.runSuitesLocally(TestNG.java:1226)
	at org.testng.TestNG.runSuites(TestNG.java:1144)
	at org.testng.TestNG.run(TestNG.java:1115)
	at org.testng.remote.AbstractRemoteTestNG.run(AbstractRemoteTestNG.java:132)
	at org.testng.remote.RemoteTestNG.initAndRun(RemoteTestNG.java:230)
	at org.testng.remote.RemoteTestNG.main(RemoteTestNG.java:76)
</pre></div></td>
<td>117</td>
<td>com.scripts.regTestCases.JobApplication@2833cc44</td></tr>
<tr>
<td title='com.scripts.regTestCases.DACandidateGrid.candidateProfileThroughCG()'><b>candidateProfileThroughCG</b><br>Test class: com.scripts.regTestCases.DACandidateGrid</td>
<td><div><pre>org.openqa.selenium.TimeoutException: Expected condition failed: waiting for com.scripts.lib.commonFunction.CommonUtills$1@2a7686a7 (tried for 30 second(s) with 2000 milliseconds interval)
Build info: version: &apos;3.11.0&apos;, revision: &apos;e59cfb3&apos;, time: &apos;2018-03-11T20:26:55.152Z&apos;
System info: host: &apos;IQA-MAYANK&apos;, ip: &apos;192.168.15.8&apos;, os.name: &apos;Windows 7&apos;, os.arch: &apos;amd64&apos;, os.version: &apos;6.1&apos;, java.version: &apos;1.8.0_171&apos;
Driver info: driver.version: unknown
	at org.openqa.selenium.support.ui.FluentWait.timeoutException(FluentWait.java:303)
	at org.openqa.selenium.support.ui.FluentWait.until(FluentWait.java:271)
	at com.scripts.lib.commonFunction.CommonUtills.waitForPageToLoadWithCond(CommonUtills.java:91)
	at com.scripts.businessLogic.CandidateGridBL.candidateProfileThroughCG(CandidateGridBL.java:153)
	at com.scripts.regTestCases.DACandidateGrid.candidateProfileThroughCG(DACandidateGrid.java:39)
... Removed 25 stack frames</pre></div><a href='#' onClick='toggleBox("stack-trace2126723403", this, "Click to show all stack frames", "Click to hide stack frames")'>Click to show all stack frames</a>
<div class='stack-trace' id='stack-trace2126723403'><pre>org.openqa.selenium.TimeoutException: Expected condition failed: waiting for com.scripts.lib.commonFunction.CommonUtills$1@2a7686a7 (tried for 30 second(s) with 2000 milliseconds interval)
Build info: version: &apos;3.11.0&apos;, revision: &apos;e59cfb3&apos;, time: &apos;2018-03-11T20:26:55.152Z&apos;
System info: host: &apos;IQA-MAYANK&apos;, ip: &apos;192.168.15.8&apos;, os.name: &apos;Windows 7&apos;, os.arch: &apos;amd64&apos;, os.version: &apos;6.1&apos;, java.version: &apos;1.8.0_171&apos;
Driver info: driver.version: unknown
	at org.openqa.selenium.support.ui.FluentWait.timeoutException(FluentWait.java:303)
	at org.openqa.selenium.support.ui.FluentWait.until(FluentWait.java:271)
	at com.scripts.lib.commonFunction.CommonUtills.waitForPageToLoadWithCond(CommonUtills.java:91)
	at com.scripts.businessLogic.CandidateGridBL.candidateProfileThroughCG(CandidateGridBL.java:153)
	at com.scripts.regTestCases.DACandidateGrid.candidateProfileThroughCG(DACandidateGrid.java:39)
	at sun.reflect.NativeMethodAccessorImpl.invoke0(Native Method)
	at sun.reflect.NativeMethodAccessorImpl.invoke(Unknown Source)
	at sun.reflect.DelegatingMethodAccessorImpl.invoke(Unknown Source)
	at java.lang.reflect.Method.invoke(Unknown Source)
	at org.testng.internal.MethodInvocationHelper.invokeMethod(MethodInvocationHelper.java:108)
	at org.testng.internal.Invoker.invokeMethod(Invoker.java:661)
	at org.testng.internal.Invoker.invokeTestMethod(Invoker.java:869)
	at org.testng.internal.Invoker.invokeTestMethods(Invoker.java:1193)
	at org.testng.internal.TestMethodWorker.invokeTestMethods(TestMethodWorker.java:126)
	at org.testng.internal.TestMethodWorker.run(TestMethodWorker.java:109)
	at org.testng.TestRunner.privateRun(TestRunner.java:744)
	at org.testng.TestRunner.run(TestRunner.java:602)
	at org.testng.SuiteRunner.runTest(SuiteRunner.java:380)
	at org.testng.SuiteRunner.runSequentially(SuiteRunner.java:375)
	at org.testng.SuiteRunner.privateRun(SuiteRunner.java:340)
	at org.testng.SuiteRunner.run(SuiteRunner.java:289)
	at org.testng.SuiteRunnerWorker.runSuite(SuiteRunnerWorker.java:52)
	at org.testng.SuiteRunnerWorker.run(SuiteRunnerWorker.java:86)
	at org.testng.TestNG.runSuitesSequentially(TestNG.java:1301)
	at org.testng.TestNG.runSuitesLocally(TestNG.java:1226)
	at org.testng.TestNG.runSuites(TestNG.java:1144)
	at org.testng.TestNG.run(TestNG.java:1115)
	at org.testng.remote.AbstractRemoteTestNG.run(AbstractRemoteTestNG.java:132)
	at org.testng.remote.RemoteTestNG.initAndRun(RemoteTestNG.java:230)
	at org.testng.remote.RemoteTestNG.main(RemoteTestNG.java:76)
</pre></div></td>
<td>107</td>
<td>com.scripts.regTestCases.DACandidateGrid@1b68ddbd</td></tr>
<tr>
<td title='com.scripts.regTestCases.TMImportJobs.importJobs()'><b>importJobs</b><br>Test class: com.scripts.regTestCases.TMImportJobs</td>
<td><div><pre>java.io.FileNotFoundException: C:\Users\mayank.parashar\git\ig-nc-smoke-automation-updated\src\test\resources\TPLTestDataSheet.xls (The system cannot find the file specified)
	at java.io.FileInputStream.open0(Native Method)
	at java.io.FileInputStream.open(Unknown Source)
	at java.io.FileInputStream.&lt;init&gt;(Unknown Source)
	at java.io.FileInputStream.&lt;init&gt;(Unknown Source)
	at utils.load.dataSource.CopySheet.copySheet(CopySheet.java:18)
	at com.scripts.regTestCases.TMImportJobs.importJobs(TMImportJobs.java:65)
... Removed 25 stack frames</pre></div><a href='#' onClick='toggleBox("stack-trace2081000371", this, "Click to show all stack frames", "Click to hide stack frames")'>Click to show all stack frames</a>
<div class='stack-trace' id='stack-trace2081000371'><pre>java.io.FileNotFoundException: C:\Users\mayank.parashar\git\ig-nc-smoke-automation-updated\src\test\resources\TPLTestDataSheet.xls (The system cannot find the file specified)
	at java.io.FileInputStream.open0(Native Method)
	at java.io.FileInputStream.open(Unknown Source)
	at java.io.FileInputStream.&lt;init&gt;(Unknown Source)
	at java.io.FileInputStream.&lt;init&gt;(Unknown Source)
	at utils.load.dataSource.CopySheet.copySheet(CopySheet.java:18)
	at com.scripts.regTestCases.TMImportJobs.importJobs(TMImportJobs.java:65)
	at sun.reflect.NativeMethodAccessorImpl.invoke0(Native Method)
	at sun.reflect.NativeMethodAccessorImpl.invoke(Unknown Source)
	at sun.reflect.DelegatingMethodAccessorImpl.invoke(Unknown Source)
	at java.lang.reflect.Method.invoke(Unknown Source)
	at org.testng.internal.MethodInvocationHelper.invokeMethod(MethodInvocationHelper.java:108)
	at org.testng.internal.Invoker.invokeMethod(Invoker.java:661)
	at org.testng.internal.Invoker.invokeTestMethod(Invoker.java:869)
	at org.testng.internal.Invoker.invokeTestMethods(Invoker.java:1193)
	at org.testng.internal.TestMethodWorker.invokeTestMethods(TestMethodWorker.java:126)
	at org.testng.internal.TestMethodWorker.run(TestMethodWorker.java:109)
	at org.testng.TestRunner.privateRun(TestRunner.java:744)
	at org.testng.TestRunner.run(TestRunner.java:602)
	at org.testng.SuiteRunner.runTest(SuiteRunner.java:380)
	at org.testng.SuiteRunner.runSequentially(SuiteRunner.java:375)
	at org.testng.SuiteRunner.privateRun(SuiteRunner.java:340)
	at org.testng.SuiteRunner.run(SuiteRunner.java:289)
	at org.testng.SuiteRunnerWorker.runSuite(SuiteRunnerWorker.java:52)
	at org.testng.SuiteRunnerWorker.run(SuiteRunnerWorker.java:86)
	at org.testng.TestNG.runSuitesSequentially(TestNG.java:1301)
	at org.testng.TestNG.runSuitesLocally(TestNG.java:1226)
	at org.testng.TestNG.runSuites(TestNG.java:1144)
	at org.testng.TestNG.run(TestNG.java:1115)
	at org.testng.remote.AbstractRemoteTestNG.run(AbstractRemoteTestNG.java:132)
	at org.testng.remote.RemoteTestNG.initAndRun(RemoteTestNG.java:230)
	at org.testng.remote.RemoteTestNG.main(RemoteTestNG.java:76)
</pre></div></td>
<td>0</td>
<td>com.scripts.regTestCases.TMImportJobs@2d8f65a4</td></tr>
<tr>
<td title='com.scripts.regTestCases.TMImportUsers.importUsers()'><b>importUsers</b><br>Test class: com.scripts.regTestCases.TMImportUsers</td>
<td><div><pre>org.openqa.selenium.TimeoutException: Expected condition failed: waiting for com.scripts.lib.commonFunction.CommonUtills$1@3c989952 (tried for 30 second(s) with 2000 milliseconds interval)
Build info: version: &apos;3.11.0&apos;, revision: &apos;e59cfb3&apos;, time: &apos;2018-03-11T20:26:55.152Z&apos;
System info: host: &apos;IQA-MAYANK&apos;, ip: &apos;192.168.15.8&apos;, os.name: &apos;Windows 7&apos;, os.arch: &apos;amd64&apos;, os.version: &apos;6.1&apos;, java.version: &apos;1.8.0_171&apos;
Driver info: driver.version: unknown
	at org.openqa.selenium.support.ui.FluentWait.timeoutException(FluentWait.java:303)
	at org.openqa.selenium.support.ui.FluentWait.until(FluentWait.java:271)
	at com.scripts.lib.commonFunction.CommonUtills.waitForPageToLoadWithCond(CommonUtills.java:91)
	at com.scripts.businessLogic.ImportUserBL.importUsers(ImportUserBL.java:44)
	at com.scripts.regTestCases.TMImportUsers.importUsers(TMImportUsers.java:54)
... Removed 25 stack frames</pre></div><a href='#' onClick='toggleBox("stack-trace1027319653", this, "Click to show all stack frames", "Click to hide stack frames")'>Click to show all stack frames</a>
<div class='stack-trace' id='stack-trace1027319653'><pre>org.openqa.selenium.TimeoutException: Expected condition failed: waiting for com.scripts.lib.commonFunction.CommonUtills$1@3c989952 (tried for 30 second(s) with 2000 milliseconds interval)
Build info: version: &apos;3.11.0&apos;, revision: &apos;e59cfb3&apos;, time: &apos;2018-03-11T20:26:55.152Z&apos;
System info: host: &apos;IQA-MAYANK&apos;, ip: &apos;192.168.15.8&apos;, os.name: &apos;Windows 7&apos;, os.arch: &apos;amd64&apos;, os.version: &apos;6.1&apos;, java.version: &apos;1.8.0_171&apos;
Driver info: driver.version: unknown
	at org.openqa.selenium.support.ui.FluentWait.timeoutException(FluentWait.java:303)
	at org.openqa.selenium.support.ui.FluentWait.until(FluentWait.java:271)
	at com.scripts.lib.commonFunction.CommonUtills.waitForPageToLoadWithCond(CommonUtills.java:91)
	at com.scripts.businessLogic.ImportUserBL.importUsers(ImportUserBL.java:44)
	at com.scripts.regTestCases.TMImportUsers.importUsers(TMImportUsers.java:54)
	at sun.reflect.NativeMethodAccessorImpl.invoke0(Native Method)
	at sun.reflect.NativeMethodAccessorImpl.invoke(Unknown Source)
	at sun.reflect.DelegatingMethodAccessorImpl.invoke(Unknown Source)
	at java.lang.reflect.Method.invoke(Unknown Source)
	at org.testng.internal.MethodInvocationHelper.invokeMethod(MethodInvocationHelper.java:108)
	at org.testng.internal.Invoker.invokeMethod(Invoker.java:661)
	at org.testng.internal.Invoker.invokeTestMethod(Invoker.java:869)
	at org.testng.internal.Invoker.invokeTestMethods(Invoker.java:1193)
	at org.testng.internal.TestMethodWorker.invokeTestMethods(TestMethodWorker.java:126)
	at org.testng.internal.TestMethodWorker.run(TestMethodWorker.java:109)
	at org.testng.TestRunner.privateRun(TestRunner.java:744)
	at org.testng.TestRunner.run(TestRunner.java:602)
	at org.testng.SuiteRunner.runTest(SuiteRunner.java:380)
	at org.testng.SuiteRunner.runSequentially(SuiteRunner.java:375)
	at org.testng.SuiteRunner.privateRun(SuiteRunner.java:340)
	at org.testng.SuiteRunner.run(SuiteRunner.java:289)
	at org.testng.SuiteRunnerWorker.runSuite(SuiteRunnerWorker.java:52)
	at org.testng.SuiteRunnerWorker.run(SuiteRunnerWorker.java:86)
	at org.testng.TestNG.runSuitesSequentially(TestNG.java:1301)
	at org.testng.TestNG.runSuitesLocally(TestNG.java:1226)
	at org.testng.TestNG.runSuites(TestNG.java:1144)
	at org.testng.TestNG.run(TestNG.java:1115)
	at org.testng.remote.AbstractRemoteTestNG.run(AbstractRemoteTestNG.java:132)
	at org.testng.remote.RemoteTestNG.initAndRun(RemoteTestNG.java:230)
	at org.testng.remote.RemoteTestNG.main(RemoteTestNG.java:76)
</pre></div></td>
<td>105</td>
<td>com.scripts.regTestCases.TMImportUsers@27a8c74e</td></tr>
</table><p>
<table width='100%' border='1' class='invocation-passed'>
<tr><td colspan='4' align='center'><b>PASSED TESTS</b></td></tr>
<tr><td><b>Test method</b></td>
<td width="30%"><b>Exception</b></td>
<td width="10%"><b>Time (seconds)</b></td>
<td><b>Instance</b></td>
</tr>
<tr>
<td title='com.scripts.regTestCases.TMDistJobOrder.createJobWithPostingEndDate()'><b>createJobWithPostingEndDate</b><br>Test class: com.scripts.regTestCases.TMDistJobOrder</td>
<td></td>
<td>221</td>
<td>com.scripts.regTestCases.TMDistJobOrder@6acdbdf5</td></tr>
<tr>
<td title='com.scripts.regTestCases.DADistJobOrder.downloadEXCEL()'><b>downloadEXCEL</b><br>Test class: com.scripts.regTestCases.DADistJobOrder</td>
<td></td>
<td>230</td>
<td>com.scripts.regTestCases.DADistJobOrder@4b1c1ea0</td></tr>
<tr>
<td title='com.scripts.regTestCases.HomePage.homeBase()'><b>homeBase</b><br>Test class: com.scripts.regTestCases.HomePage</td>
<td></td>
<td>29</td>
<td>com.scripts.regTestCases.HomePage@1786dec2</td></tr>
<tr>
<td title='com.scripts.regTestCases.DAManageDistrictAccountInformation.login()'><b>login</b><br>Test class: com.scripts.regTestCases.DAManageDistrictAccountInformation</td>
<td></td>
<td>349</td>
<td>com.scripts.regTestCases.DAManageDistrictAccountInformation@646d64ab</td></tr>
<tr>
<td title='com.scripts.regTestCases.TMManageDistrictAccountInformation.login()'><b>login</b><br>Test class: com.scripts.regTestCases.TMManageDistrictAccountInformation</td>
<td></td>
<td>577</td>
<td>com.scripts.regTestCases.TMManageDistrictAccountInformation@59e5ddf</td></tr>
<tr>
<td title='com.scripts.regTestCases.Login.loginWithoutMandatoryFields()'><b>loginWithoutMandatoryFields</b><br>Test class: com.scripts.regTestCases.Login</td>
<td></td>
<td>32</td>
<td>com.scripts.regTestCases.Login@74650e52</td></tr>
<tr>
<td title='com.scripts.regTestCases.JobPreferences.setJobPreferences()'><b>setJobPreferences</b><br>Test class: com.scripts.regTestCases.JobPreferences</td>
<td></td>
<td>36</td>
<td>com.scripts.regTestCases.JobPreferences@17579e0f</td></tr>
<tr>
<td title='com.scripts.regTestCases.ManageUsersDA.verifyMandatoryFields()'><b>verifyMandatoryFields</b><br>Test class: com.scripts.regTestCases.ManageUsersDA</td>
<td></td>
<td>372</td>
<td>com.scripts.regTestCases.ManageUsersDA@15d0c81b</td></tr>
</table><p>
<table width='100%' border='1' class='invocation-skipped'>
<tr><td colspan='4' align='center'><b>SKIPPED TESTS</b></td></tr>
<tr><td><b>Test method</b></td>
<td width="30%"><b>Exception</b></td>
<td width="10%"><b>Time (seconds)</b></td>
<td><b>Instance</b></td>
</tr>
<tr>
<td title='com.scripts.regTestCases.TMImportCandidates.importCandidates()'><b>importCandidates</b><br>Test class: com.scripts.regTestCases.TMImportCandidates</td>
<td><div><pre>org.testng.SkipException: 
	at com.scripts.lib.commonFunction.CommonUtills.click(CommonUtills.java:496)
	at com.scripts.businessLogic.ImportCandidatesBL.importCandidates(ImportCandidatesBL.java:62)
	at com.scripts.regTestCases.TMImportCandidates.importCandidates(TMImportCandidates.java:74)
... Removed 25 stack frames</pre></div><a href='#' onClick='toggleBox("stack-trace1894758168", this, "Click to show all stack frames", "Click to hide stack frames")'>Click to show all stack frames</a>
<div class='stack-trace' id='stack-trace1894758168'><pre>org.testng.SkipException: 
	at com.scripts.lib.commonFunction.CommonUtills.click(CommonUtills.java:496)
	at com.scripts.businessLogic.ImportCandidatesBL.importCandidates(ImportCandidatesBL.java:62)
	at com.scripts.regTestCases.TMImportCandidates.importCandidates(TMImportCandidates.java:74)
	at sun.reflect.NativeMethodAccessorImpl.invoke0(Native Method)
	at sun.reflect.NativeMethodAccessorImpl.invoke(Unknown Source)
	at sun.reflect.DelegatingMethodAccessorImpl.invoke(Unknown Source)
	at java.lang.reflect.Method.invoke(Unknown Source)
	at org.testng.internal.MethodInvocationHelper.invokeMethod(MethodInvocationHelper.java:108)
	at org.testng.internal.Invoker.invokeMethod(Invoker.java:661)
	at org.testng.internal.Invoker.invokeTestMethod(Invoker.java:869)
	at org.testng.internal.Invoker.invokeTestMethods(Invoker.java:1193)
	at org.testng.internal.TestMethodWorker.invokeTestMethods(TestMethodWorker.java:126)
	at org.testng.internal.TestMethodWorker.run(TestMethodWorker.java:109)
	at org.testng.TestRunner.privateRun(TestRunner.java:744)
	at org.testng.TestRunner.run(TestRunner.java:602)
	at org.testng.SuiteRunner.runTest(SuiteRunner.java:380)
	at org.testng.SuiteRunner.runSequentially(SuiteRunner.java:375)
	at org.testng.SuiteRunner.privateRun(SuiteRunner.java:340)
	at org.testng.SuiteRunner.run(SuiteRunner.java:289)
	at org.testng.SuiteRunnerWorker.runSuite(SuiteRunnerWorker.java:52)
	at org.testng.SuiteRunnerWorker.run(SuiteRunnerWorker.java:86)
	at org.testng.TestNG.runSuitesSequentially(TestNG.java:1301)
	at org.testng.TestNG.runSuitesLocally(TestNG.java:1226)
	at org.testng.TestNG.runSuites(TestNG.java:1144)
	at org.testng.TestNG.run(TestNG.java:1115)
	at org.testng.remote.AbstractRemoteTestNG.run(AbstractRemoteTestNG.java:132)
	at org.testng.remote.RemoteTestNG.initAndRun(RemoteTestNG.java:230)
	at org.testng.remote.RemoteTestNG.main(RemoteTestNG.java:76)
</pre></div></td>
<td>56</td>
<td>com.scripts.regTestCases.TMImportCandidates@33f88ab</td></tr>
<tr>
<td title='com.scripts.regTestCases.CandidatePortfolio.personalInfo()'><b>personalInfo</b><br>Test class: com.scripts.regTestCases.CandidatePortfolio</td>
<td><div><pre>org.testng.SkipException: 
	at com.scripts.lib.commonFunction.CommonUtills.click(CommonUtills.java:496)
	at com.scripts.businessLogic.CandidatePortfolioBL.experiences(CandidatePortfolioBL.java:341)
	at com.scripts.regTestCases.CandidatePortfolio.personalInfo(CandidatePortfolio.java:117)
... Removed 25 stack frames</pre></div><a href='#' onClick='toggleBox("stack-trace1016856028", this, "Click to show all stack frames", "Click to hide stack frames")'>Click to show all stack frames</a>
<div class='stack-trace' id='stack-trace1016856028'><pre>org.testng.SkipException: 
	at com.scripts.lib.commonFunction.CommonUtills.click(CommonUtills.java:496)
	at com.scripts.businessLogic.CandidatePortfolioBL.experiences(CandidatePortfolioBL.java:341)
	at com.scripts.regTestCases.CandidatePortfolio.personalInfo(CandidatePortfolio.java:117)
	at sun.reflect.NativeMethodAccessorImpl.invoke0(Native Method)
	at sun.reflect.NativeMethodAccessorImpl.invoke(Unknown Source)
	at sun.reflect.DelegatingMethodAccessorImpl.invoke(Unknown Source)
	at java.lang.reflect.Method.invoke(Unknown Source)
	at org.testng.internal.MethodInvocationHelper.invokeMethod(MethodInvocationHelper.java:108)
	at org.testng.internal.Invoker.invokeMethod(Invoker.java:661)
	at org.testng.internal.Invoker.invokeTestMethod(Invoker.java:869)
	at org.testng.internal.Invoker.invokeTestMethods(Invoker.java:1193)
	at org.testng.internal.TestMethodWorker.invokeTestMethods(TestMethodWorker.java:126)
	at org.testng.internal.TestMethodWorker.run(TestMethodWorker.java:109)
	at org.testng.TestRunner.privateRun(TestRunner.java:744)
	at org.testng.TestRunner.run(TestRunner.java:602)
	at org.testng.SuiteRunner.runTest(SuiteRunner.java:380)
	at org.testng.SuiteRunner.runSequentially(SuiteRunner.java:375)
	at org.testng.SuiteRunner.privateRun(SuiteRunner.java:340)
	at org.testng.SuiteRunner.run(SuiteRunner.java:289)
	at org.testng.SuiteRunnerWorker.runSuite(SuiteRunnerWorker.java:52)
	at org.testng.SuiteRunnerWorker.run(SuiteRunnerWorker.java:86)
	at org.testng.TestNG.runSuitesSequentially(TestNG.java:1301)
	at org.testng.TestNG.runSuitesLocally(TestNG.java:1226)
	at org.testng.TestNG.runSuites(TestNG.java:1144)
	at org.testng.TestNG.run(TestNG.java:1115)
	at org.testng.remote.AbstractRemoteTestNG.run(AbstractRemoteTestNG.java:132)
	at org.testng.remote.RemoteTestNG.initAndRun(RemoteTestNG.java:230)
	at org.testng.remote.RemoteTestNG.main(RemoteTestNG.java:76)
</pre></div></td>
<td>473</td>
<td>com.scripts.regTestCases.CandidatePortfolio@3712b94</td></tr>
<tr>
<td title='com.scripts.regTestCases.CandidateDashboard.verifyPersonalPlanningRedirections()'><b>verifyPersonalPlanningRedirections</b><br>Test class: com.scripts.regTestCases.CandidateDashboard</td>
<td><div><pre>org.testng.SkipException: 
	at com.scripts.lib.commonFunction.CommonUtills.click(CommonUtills.java:496)
	at com.scripts.businessLogic.CandidateDashboardBL.navigateToDashboardPage(CandidateDashboardBL.java:35)
	at com.scripts.businessLogic.CandidateDashboardBL.verifySeeAllLinkJASection(CandidateDashboardBL.java:442)
	at com.scripts.businessLogic.CandidateDashboardBL.verifyJobApplicationSection(CandidateDashboardBL.java:287)
	at com.scripts.regTestCases.CandidateDashboard.verifyPersonalPlanningRedirections(CandidateDashboard.java:38)
... Removed 25 stack frames</pre></div><a href='#' onClick='toggleBox("stack-trace50503805", this, "Click to show all stack frames", "Click to hide stack frames")'>Click to show all stack frames</a>
<div class='stack-trace' id='stack-trace50503805'><pre>org.testng.SkipException: 
	at com.scripts.lib.commonFunction.CommonUtills.click(CommonUtills.java:496)
	at com.scripts.businessLogic.CandidateDashboardBL.navigateToDashboardPage(CandidateDashboardBL.java:35)
	at com.scripts.businessLogic.CandidateDashboardBL.verifySeeAllLinkJASection(CandidateDashboardBL.java:442)
	at com.scripts.businessLogic.CandidateDashboardBL.verifyJobApplicationSection(CandidateDashboardBL.java:287)
	at com.scripts.regTestCases.CandidateDashboard.verifyPersonalPlanningRedirections(CandidateDashboard.java:38)
	at sun.reflect.NativeMethodAccessorImpl.invoke0(Native Method)
	at sun.reflect.NativeMethodAccessorImpl.invoke(Unknown Source)
	at sun.reflect.DelegatingMethodAccessorImpl.invoke(Unknown Source)
	at java.lang.reflect.Method.invoke(Unknown Source)
	at org.testng.internal.MethodInvocationHelper.invokeMethod(MethodInvocationHelper.java:108)
	at org.testng.internal.Invoker.invokeMethod(Invoker.java:661)
	at org.testng.internal.Invoker.invokeTestMethod(Invoker.java:869)
	at org.testng.internal.Invoker.invokeTestMethods(Invoker.java:1193)
	at org.testng.internal.TestMethodWorker.invokeTestMethods(TestMethodWorker.java:126)
	at org.testng.internal.TestMethodWorker.run(TestMethodWorker.java:109)
	at org.testng.TestRunner.privateRun(TestRunner.java:744)
	at org.testng.TestRunner.run(TestRunner.java:602)
	at org.testng.SuiteRunner.runTest(SuiteRunner.java:380)
	at org.testng.SuiteRunner.runSequentially(SuiteRunner.java:375)
	at org.testng.SuiteRunner.privateRun(SuiteRunner.java:340)
	at org.testng.SuiteRunner.run(SuiteRunner.java:289)
	at org.testng.SuiteRunnerWorker.runSuite(SuiteRunnerWorker.java:52)
	at org.testng.SuiteRunnerWorker.run(SuiteRunnerWorker.java:86)
	at org.testng.TestNG.runSuitesSequentially(TestNG.java:1301)
	at org.testng.TestNG.runSuitesLocally(TestNG.java:1226)
	at org.testng.TestNG.runSuites(TestNG.java:1144)
	at org.testng.TestNG.run(TestNG.java:1115)
	at org.testng.remote.AbstractRemoteTestNG.run(AbstractRemoteTestNG.java:132)
	at org.testng.remote.RemoteTestNG.initAndRun(RemoteTestNG.java:230)
	at org.testng.remote.RemoteTestNG.main(RemoteTestNG.java:76)
</pre></div></td>
<td>422</td>
<td>com.scripts.regTestCases.CandidateDashboard@4d41cee</td></tr>
</table><p>
</body>
</html>