<!DOCTYPE html PUBLIC "-//W3C//DTD XHTML 1.1//EN" "http://www.w3.org/TR/xhtml11/DTD/xhtml11.dtd">
<html xmlns="http://www.w3.org/1999/xhtml"><head><title>TestNG Report</title><style type="text/css">table {margin-bottom:10px;border-collapse:collapse;empty-cells:show}th,td {border:1px solid #009;padding:.25em .5em}th {vertical-align:bottom}td {vertical-align:top}table a {font-weight:bold}.stripe td {background-color: #E6EBF9}.num {text-align:right}.passedodd td {background-color: #3F3}.passedeven td {background-color: #0A0}.skippedodd td {background-color: #DDD}.skippedeven td {background-color: #CCC}.failedodd td,.attn {background-color: #F33}.failedeven td,.stripe .attn {background-color: #D00}.stacktrace {white-space:pre;font-family:monospace}.totop {font-size:85%;text-align:center;border-bottom:2px solid #000}</style></head><body><table><tr><th>Test</th><th># Passed</th><th># Skipped</th><th># Failed</th><th>Time (ms)</th><th>Included Groups</th><th>Excluded Groups</th></tr><tr><th colspan="7">NC Smoke Suite</th></tr><tr><td><a href="#t0">NC Smoke Suite</a></td><td class="num">5</td><td class="num attn">2</td><td class="num attn">2</td><td class="num">1,822,206</td><td></td><td></td></tr></table><table><thead><tr><th>Class</th><th>Method</th><th>Start</th><th>Time (ms)</th></tr></thead><tbody><tr><th colspan="4">NC Smoke Suite</th></tr></tbody><tbody id="t0"><tr><th colspan="4">NC Smoke Suite &#8212; failed (configuration methods)</th></tr><tr class="failedeven"><td rowspan="1">com.scripts.regTestCases.CandidatePortfolio</td><td><a href="#m0">logout</a></td><td rowspan="1">1524745029206</td><td rowspan="1">0</td></tr><tr><th colspan="4">NC Smoke Suite &#8212; failed</th></tr><tr class="failedeven"><td rowspan="1">com.scripts.regTestCases.DADistJobOrder</td><td><a href="#m1">downloadEXCEL</a></td><td rowspan="1">1524744534198</td><td rowspan="1">94461</td></tr><tr class="failedodd"><td rowspan="1">com.scripts.regTestCases.JobApplication</td><td><a href="#m2">applyForJobOpps</a></td><td rowspan="1">1524745139087</td><td rowspan="1">110931</td></tr><tr><th colspan="4">NC Smoke Suite &#8212; skipped</th></tr><tr class="skippedeven"><td rowspan="1">com.scripts.regTestCases.CandidateDashboard</td><td><a href="#m3">verifyPersonalPlanningRedirections</a></td><td rowspan="1">1524744851410</td><td rowspan="1">102169</td></tr><tr class="skippedodd"><td rowspan="1">com.scripts.regTestCases.CandidatePortfolio</td><td><a href="#m4">personalInfo</a></td><td rowspan="1">1524745013790</td><td rowspan="1">15416</td></tr><tr><th colspan="4">NC Smoke Suite &#8212; passed</th></tr><tr class="passedeven"><td rowspan="1">com.scripts.regTestCases.CandidateSignUp</td><td><a href="#m5">candidateSignUp</a></td><td rowspan="1">1524743481048</td><td rowspan="1">179047</td></tr><tr class="passedodd"><td rowspan="1">com.scripts.regTestCases.HomePage</td><td><a href="#m6">homeBase</a></td><td rowspan="1">1524743454802</td><td rowspan="1">26094</td></tr><tr class="passedeven"><td rowspan="1">com.scripts.regTestCases.JobPreferences</td><td><a href="#m7">setJobPreferences</a></td><td rowspan="1">1524744747591</td><td rowspan="1">36554</td></tr><tr class="passedodd"><td rowspan="1">com.scripts.regTestCases.ManageUsersDA</td><td><a href="#m8">verifyMandatoryFields</a></td><td rowspan="1">1524743725372</td><td rowspan="1">359187</td></tr><tr class="passedeven"><td rowspan="1">com.scripts.regTestCases.TMDistJobOrder</td><td><a href="#m9">createJobWithPostingEndDate</a></td><td rowspan="1">1524744147178</td><td rowspan="1">315981</td></tr></tbody></table><h2>NC Smoke Suite</h2><h3 id="m0">com.scripts.regTestCases.CandidatePortfolio#logout</h3><table class="result"><tr><th>Exception</th></tr><tr><td><div class="stacktrace">org.openqa.selenium.TimeoutException: Expected condition failed: waiting for com.scripts.lib.commonFunction.CommonUtills$1@146587a2 (tried for 30 second(s) with 2000 milliseconds interval)
Build info: version: &apos;3.11.0&apos;, revision: &apos;e59cfb3&apos;, time: &apos;2018-03-11T20:26:55.152Z&apos;
System info: host: &apos;IQA-KAPIL&apos;, ip: &apos;192.168.15.142&apos;, os.name: &apos;Windows 7&apos;, os.arch: &apos;amd64&apos;, os.version: &apos;6.1&apos;, java.version: &apos;1.8.0&apos;
Driver info: driver.version: unknown
	at org.openqa.selenium.support.ui.FluentWait.timeoutException(FluentWait.java:303)
	at org.openqa.selenium.support.ui.FluentWait.until(FluentWait.java:271)
	at com.scripts.lib.commonFunction.CommonUtills.waitForPageToLoadWithCond(CommonUtills.java:77)
	at com.scripts.businessLogic.LoginBL.logout(LoginBL.java:249)
	at com.scripts.regTestCases.CandidatePortfolio.logout(CandidatePortfolio.java:196)
... Removed 24 stack frames</div></td></tr></table><p class="totop"><a href="#summary">back to summary</a></p><h3 id="m1">com.scripts.regTestCases.DADistJobOrder#downloadEXCEL</h3><table class="result"><tr><th>Exception</th></tr><tr><td><div class="stacktrace">org.openqa.selenium.TimeoutException: Expected condition failed: waiting for com.scripts.lib.commonFunction.CommonUtills$1@1afdd473 (tried for 30 second(s) with 2000 milliseconds interval)
Build info: version: &apos;3.11.0&apos;, revision: &apos;e59cfb3&apos;, time: &apos;2018-03-11T20:26:55.152Z&apos;
System info: host: &apos;IQA-KAPIL&apos;, ip: &apos;192.168.15.142&apos;, os.name: &apos;Windows 7&apos;, os.arch: &apos;amd64&apos;, os.version: &apos;6.1&apos;, java.version: &apos;1.8.0&apos;
Driver info: driver.version: unknown
	at org.openqa.selenium.support.ui.FluentWait.timeoutException(FluentWait.java:303)
	at org.openqa.selenium.support.ui.FluentWait.until(FluentWait.java:271)
	at com.scripts.lib.commonFunction.CommonUtills.waitForPageToLoadWithCond(CommonUtills.java:77)
	at com.scripts.businessLogic.DistrictJobOrderBL.enterCommonDetails(DistrictJobOrderBL.java:84)
	at com.scripts.businessLogic.DistrictJobOrderBL.enterDetailsForWithPostinEndDate(DistrictJobOrderBL.java:127)
	at com.scripts.businessLogic.DistrictJobOrderBL.createJobWithEndDate(DistrictJobOrderBL.java:501)
	at com.scripts.regTestCases.DADistJobOrder.downloadEXCEL(DADistJobOrder.java:71)
... Removed 24 stack frames</div></td></tr></table><p class="totop"><a href="#summary">back to summary</a></p><h3 id="m2">com.scripts.regTestCases.JobApplication#applyForJobOpps</h3><table class="result"><tr><th>Exception</th></tr><tr><td><div class="stacktrace">org.openqa.selenium.TimeoutException: Expected condition failed: waiting for com.scripts.lib.commonFunction.CommonUtills$1@130dca52 (tried for 30 second(s) with 2000 milliseconds interval)
Build info: version: &apos;3.11.0&apos;, revision: &apos;e59cfb3&apos;, time: &apos;2018-03-11T20:26:55.152Z&apos;
System info: host: &apos;IQA-KAPIL&apos;, ip: &apos;192.168.15.142&apos;, os.name: &apos;Windows 7&apos;, os.arch: &apos;amd64&apos;, os.version: &apos;6.1&apos;, java.version: &apos;1.8.0&apos;
Driver info: driver.version: unknown
	at org.openqa.selenium.support.ui.FluentWait.timeoutException(FluentWait.java:303)
	at org.openqa.selenium.support.ui.FluentWait.until(FluentWait.java:271)
	at com.scripts.lib.commonFunction.CommonUtills.waitForPageToLoadWithCond(CommonUtills.java:77)
	at com.scripts.businessLogic.ApplyForJobsBL.applyJobByTitle(ApplyForJobsBL.java:85)
	at com.scripts.regTestCases.JobApplication.applyForJobOpps(JobApplication.java:40)
... Removed 24 stack frames</div></td></tr></table><p class="totop"><a href="#summary">back to summary</a></p><h3 id="m3">com.scripts.regTestCases.CandidateDashboard#verifyPersonalPlanningRedirections</h3><table class="result"><tr><th>Exception</th></tr><tr><td><div class="stacktrace">org.testng.SkipException: 
	at com.scripts.lib.commonFunction.CommonUtills.click(CommonUtills.java:482)
	at com.scripts.businessLogic.CandidateDashboardBL.verifyApplyNowIconRedirection(CandidateDashboardBL.java:132)
	at com.scripts.businessLogic.CandidateDashboardBL.verifyJobsOfInterestSection(CandidateDashboardBL.java:122)
	at com.scripts.regTestCases.CandidateDashboard.verifyPersonalPlanningRedirections(CandidateDashboard.java:37)
... Removed 24 stack frames</div></td></tr></table><p class="totop"><a href="#summary">back to summary</a></p><h3 id="m4">com.scripts.regTestCases.CandidatePortfolio#personalInfo</h3><table class="result"><tr><th>Exception</th></tr><tr><td><div class="stacktrace">org.testng.SkipException: 
	at com.scripts.lib.commonFunction.CommonUtills.click(CommonUtills.java:482)
	at com.scripts.businessLogic.CandidatePortfolioBL.personalInfo(CandidatePortfolioBL.java:22)
	at com.scripts.regTestCases.CandidatePortfolio.personalInfo(CandidatePortfolio.java:53)
... Removed 24 stack frames</div></td></tr></table><p class="totop"><a href="#summary">back to summary</a></p><h3 id="m5">com.scripts.regTestCases.CandidateSignUp#candidateSignUp</h3><table class="result"></table><p class="totop"><a href="#summary">back to summary</a></p><h3 id="m6">com.scripts.regTestCases.HomePage#homeBase</h3><table class="result"></table><p class="totop"><a href="#summary">back to summary</a></p><h3 id="m7">com.scripts.regTestCases.JobPreferences#setJobPreferences</h3><table class="result"></table><p class="totop"><a href="#summary">back to summary</a></p><h3 id="m8">com.scripts.regTestCases.ManageUsersDA#verifyMandatoryFields</h3><table class="result"></table><p class="totop"><a href="#summary">back to summary</a></p><h3 id="m9">com.scripts.regTestCases.TMDistJobOrder#createJobWithPostingEndDate</h3><table class="result"></table><p class="totop"><a href="#summary">back to summary</a></p></body></html>