<?xml version="1.0" encoding="UTF-8"?>
<testng-results skipped="2" failed="2" total="9" passed="5">
  <reporter-output>
  </reporter-output>
  <suite name="NC Smoke Suite" duration-ms="1822206" started-at="2018-04-26T11:50:54Z" finished-at="2018-04-26T12:21:16Z">
    <groups>
    </groups>
    <test name="NC Smoke Suite" duration-ms="1822206" started-at="2018-04-26T11:50:54Z" finished-at="2018-04-26T12:21:16Z">
      <class name="com.scripts.regTestCases.JobApplication">
        <test-method status="PASS" signature="configBeforeClass()[pri:0, instance:com.scripts.regTestCases.JobApplication@66a3ffec]" name="configBeforeClass" is-config="true" duration-ms="44783" started-at="2018-04-26T17:48:14Z" finished-at="2018-04-26T17:48:59Z">
          <reporter-output>
          </reporter-output>
        </test-method> <!-- configBeforeClass -->
        <test-method status="FAIL" signature="applyForJobOpps()[pri:0, instance:com.scripts.regTestCases.JobApplication@66a3ffec]" name="applyForJobOpps" duration-ms="110931" started-at="2018-04-26T17:48:59Z" finished-at="2018-04-26T17:50:50Z">
          <exception class="org.openqa.selenium.TimeoutException">
            <message>
              <![CDATA[Expected condition failed: waiting for com.scripts.lib.commonFunction.CommonUtills$1@130dca52 (tried for 30 second(s) with 2000 milliseconds interval)
Build info: version: '3.11.0', revision: 'e59cfb3', time: '2018-03-11T20:26:55.152Z'
System info: host: 'IQA-KAPIL', ip: '192.168.15.142', os.name: 'Windows 7', os.arch: 'amd64', os.version: '6.1', java.version: '1.8.0'
Driver info: driver.version: unknown]]>
            </message>
            <full-stacktrace>
              <![CDATA[org.openqa.selenium.TimeoutException: Expected condition failed: waiting for com.scripts.lib.commonFunction.CommonUtills$1@130dca52 (tried for 30 second(s) with 2000 milliseconds interval)
Build info: version: '3.11.0', revision: 'e59cfb3', time: '2018-03-11T20:26:55.152Z'
System info: host: 'IQA-KAPIL', ip: '192.168.15.142', os.name: 'Windows 7', os.arch: 'amd64', os.version: '6.1', java.version: '1.8.0'
Driver info: driver.version: unknown
	at org.openqa.selenium.support.ui.FluentWait.timeoutException(FluentWait.java:303)
	at org.openqa.selenium.support.ui.FluentWait.until(FluentWait.java:271)
	at com.scripts.lib.commonFunction.CommonUtills.waitForPageToLoadWithCond(CommonUtills.java:77)
	at com.scripts.businessLogic.ApplyForJobsBL.applyJobByTitle(ApplyForJobsBL.java:85)
	at com.scripts.regTestCases.JobApplication.applyForJobOpps(JobApplication.java:40)
	at sun.reflect.NativeMethodAccessorImpl.invoke0(Native Method)
	at sun.reflect.NativeMethodAccessorImpl.invoke(Unknown Source)
	at sun.reflect.DelegatingMethodAccessorImpl.invoke(Unknown Source)
	at java.lang.reflect.Method.invoke(Unknown Source)
	at org.testng.internal.MethodInvocationHelper.invokeMethod(MethodInvocationHelper.java:85)
	at org.testng.internal.Invoker.invokeMethod(Invoker.java:639)
	at org.testng.internal.Invoker.invokeTestMethod(Invoker.java:816)
	at org.testng.internal.Invoker.invokeTestMethods(Invoker.java:1124)
	at org.testng.internal.TestMethodWorker.invokeTestMethods(TestMethodWorker.java:125)
	at org.testng.internal.TestMethodWorker.run(TestMethodWorker.java:108)
	at org.testng.TestRunner.privateRun(TestRunner.java:774)
	at org.testng.TestRunner.run(TestRunner.java:624)
	at org.testng.SuiteRunner.runTest(SuiteRunner.java:359)
	at org.testng.SuiteRunner.runSequentially(SuiteRunner.java:354)
	at org.testng.SuiteRunner.privateRun(SuiteRunner.java:312)
	at org.testng.SuiteRunner.run(SuiteRunner.java:261)
	at org.testng.SuiteRunnerWorker.runSuite(SuiteRunnerWorker.java:52)
	at org.testng.SuiteRunnerWorker.run(SuiteRunnerWorker.java:86)
	at org.testng.TestNG.runSuitesSequentially(TestNG.java:1191)
	at org.testng.TestNG.runSuitesLocally(TestNG.java:1116)
	at org.testng.TestNG.run(TestNG.java:1024)
	at org.testng.remote.RemoteTestNG.run(RemoteTestNG.java:112)
	at org.testng.remote.RemoteTestNG.initAndRun(RemoteTestNG.java:205)
	at org.testng.remote.RemoteTestNG.main(RemoteTestNG.java:176)
]]>
            </full-stacktrace>
          </exception> <!-- org.openqa.selenium.TimeoutException -->
          <reporter-output>
          </reporter-output>
        </test-method> <!-- applyForJobOpps -->
        <test-method status="PASS" signature="logout()[pri:0, instance:com.scripts.regTestCases.JobApplication@66a3ffec]" name="logout" is-config="true" duration-ms="26977" started-at="2018-04-26T17:50:50Z" finished-at="2018-04-26T17:51:16Z">
          <reporter-output>
          </reporter-output>
        </test-method> <!-- logout -->
      </class> <!-- com.scripts.regTestCases.JobApplication -->
      <class name="com.scripts.regTestCases.CandidateDashboard">
        <test-method status="PASS" signature="configBeforeClass()[pri:0, instance:com.scripts.regTestCases.CandidateDashboard@47c62251]" name="configBeforeClass" is-config="true" duration-ms="36045" started-at="2018-04-26T17:43:35Z" finished-at="2018-04-26T17:44:11Z">
          <reporter-output>
          </reporter-output>
        </test-method> <!-- configBeforeClass -->
        <test-method status="SKIP" signature="verifyPersonalPlanningRedirections()[pri:0, instance:com.scripts.regTestCases.CandidateDashboard@47c62251]" name="verifyPersonalPlanningRedirections" duration-ms="102169" started-at="2018-04-26T17:44:11Z" finished-at="2018-04-26T17:45:53Z">
          <exception class="org.testng.SkipException">
            <full-stacktrace>
              <![CDATA[org.testng.SkipException: 
	at com.scripts.lib.commonFunction.CommonUtills.click(CommonUtills.java:482)
	at com.scripts.businessLogic.CandidateDashboardBL.verifyApplyNowIconRedirection(CandidateDashboardBL.java:132)
	at com.scripts.businessLogic.CandidateDashboardBL.verifyJobsOfInterestSection(CandidateDashboardBL.java:122)
	at com.scripts.regTestCases.CandidateDashboard.verifyPersonalPlanningRedirections(CandidateDashboard.java:37)
	at sun.reflect.NativeMethodAccessorImpl.invoke0(Native Method)
	at sun.reflect.NativeMethodAccessorImpl.invoke(Unknown Source)
	at sun.reflect.DelegatingMethodAccessorImpl.invoke(Unknown Source)
	at java.lang.reflect.Method.invoke(Unknown Source)
	at org.testng.internal.MethodInvocationHelper.invokeMethod(MethodInvocationHelper.java:85)
	at org.testng.internal.Invoker.invokeMethod(Invoker.java:639)
	at org.testng.internal.Invoker.invokeTestMethod(Invoker.java:816)
	at org.testng.internal.Invoker.invokeTestMethods(Invoker.java:1124)
	at org.testng.internal.TestMethodWorker.invokeTestMethods(TestMethodWorker.java:125)
	at org.testng.internal.TestMethodWorker.run(TestMethodWorker.java:108)
	at org.testng.TestRunner.privateRun(TestRunner.java:774)
	at org.testng.TestRunner.run(TestRunner.java:624)
	at org.testng.SuiteRunner.runTest(SuiteRunner.java:359)
	at org.testng.SuiteRunner.runSequentially(SuiteRunner.java:354)
	at org.testng.SuiteRunner.privateRun(SuiteRunner.java:312)
	at org.testng.SuiteRunner.run(SuiteRunner.java:261)
	at org.testng.SuiteRunnerWorker.runSuite(SuiteRunnerWorker.java:52)
	at org.testng.SuiteRunnerWorker.run(SuiteRunnerWorker.java:86)
	at org.testng.TestNG.runSuitesSequentially(TestNG.java:1191)
	at org.testng.TestNG.runSuitesLocally(TestNG.java:1116)
	at org.testng.TestNG.run(TestNG.java:1024)
	at org.testng.remote.RemoteTestNG.run(RemoteTestNG.java:112)
	at org.testng.remote.RemoteTestNG.initAndRun(RemoteTestNG.java:205)
	at org.testng.remote.RemoteTestNG.main(RemoteTestNG.java:176)
]]>
            </full-stacktrace>
          </exception> <!-- org.testng.SkipException -->
          <reporter-output>
          </reporter-output>
        </test-method> <!-- verifyPersonalPlanningRedirections -->
        <test-method status="PASS" signature="logout()[pri:0, instance:com.scripts.regTestCases.CandidateDashboard@47c62251]" name="logout" is-config="true" duration-ms="17869" started-at="2018-04-26T17:45:53Z" finished-at="2018-04-26T17:46:11Z">
          <reporter-output>
          </reporter-output>
        </test-method> <!-- logout -->
      </class> <!-- com.scripts.regTestCases.CandidateDashboard -->
      <class name="com.scripts.regTestCases.ManageUsersDA">
        <test-method status="PASS" signature="configBeforeClass()[pri:0, instance:com.scripts.regTestCases.ManageUsersDA@ae45eb6]" name="configBeforeClass" is-config="true" duration-ms="36334" started-at="2018-04-26T17:24:49Z" finished-at="2018-04-26T17:25:25Z">
          <reporter-output>
          </reporter-output>
        </test-method> <!-- configBeforeClass -->
        <test-method status="PASS" signature="verifyMandatoryFields()[pri:0, instance:com.scripts.regTestCases.ManageUsersDA@ae45eb6]" name="verifyMandatoryFields" duration-ms="359187" started-at="2018-04-26T17:25:25Z" finished-at="2018-04-26T17:31:24Z">
          <reporter-output>
          </reporter-output>
        </test-method> <!-- verifyMandatoryFields -->
        <test-method status="PASS" signature="logout()[pri:0, instance:com.scripts.regTestCases.ManageUsersDA@ae45eb6]" name="logout" is-config="true" duration-ms="26383" started-at="2018-04-26T17:31:24Z" finished-at="2018-04-26T17:31:50Z">
          <reporter-output>
          </reporter-output>
        </test-method> <!-- logout -->
      </class> <!-- com.scripts.regTestCases.ManageUsersDA -->
      <class name="com.scripts.regTestCases.CandidateSignUp">
        <test-method status="PASS" signature="configBeforeClass()[pri:0, instance:com.scripts.regTestCases.CandidateSignUp@68c4039c]" name="configBeforeClass" is-config="true" duration-ms="149" started-at="2018-04-26T17:21:20Z" finished-at="2018-04-26T17:21:21Z">
          <reporter-output>
          </reporter-output>
        </test-method> <!-- configBeforeClass -->
        <test-method status="PASS" signature="candidateSignUp()[pri:0, instance:com.scripts.regTestCases.CandidateSignUp@68c4039c]" name="candidateSignUp" duration-ms="179047" started-at="2018-04-26T17:21:21Z" finished-at="2018-04-26T17:24:20Z">
          <reporter-output>
          </reporter-output>
        </test-method> <!-- candidateSignUp -->
        <test-method status="PASS" signature="logout()[pri:0, instance:com.scripts.regTestCases.CandidateSignUp@68c4039c]" name="logout" is-config="true" duration-ms="28942" started-at="2018-04-26T17:24:20Z" finished-at="2018-04-26T17:24:49Z">
          <reporter-output>
          </reporter-output>
        </test-method> <!-- logout -->
      </class> <!-- com.scripts.regTestCases.CandidateSignUp -->
      <class name="com.scripts.regTestCases.DADistJobOrder">
        <test-method status="PASS" signature="configBeforeClass()[pri:0, instance:com.scripts.regTestCases.DADistJobOrder@27efef64]" name="configBeforeClass" is-config="true" duration-ms="33316" started-at="2018-04-26T17:38:20Z" finished-at="2018-04-26T17:38:54Z">
          <reporter-output>
          </reporter-output>
        </test-method> <!-- configBeforeClass -->
        <test-method status="FAIL" signature="downloadEXCEL()[pri:0, instance:com.scripts.regTestCases.DADistJobOrder@27efef64]" name="downloadEXCEL" duration-ms="94461" started-at="2018-04-26T17:38:54Z" finished-at="2018-04-26T17:40:28Z">
          <exception class="org.openqa.selenium.TimeoutException">
            <message>
              <![CDATA[Expected condition failed: waiting for com.scripts.lib.commonFunction.CommonUtills$1@1afdd473 (tried for 30 second(s) with 2000 milliseconds interval)
Build info: version: '3.11.0', revision: 'e59cfb3', time: '2018-03-11T20:26:55.152Z'
System info: host: 'IQA-KAPIL', ip: '192.168.15.142', os.name: 'Windows 7', os.arch: 'amd64', os.version: '6.1', java.version: '1.8.0'
Driver info: driver.version: unknown]]>
            </message>
            <full-stacktrace>
              <![CDATA[org.openqa.selenium.TimeoutException: Expected condition failed: waiting for com.scripts.lib.commonFunction.CommonUtills$1@1afdd473 (tried for 30 second(s) with 2000 milliseconds interval)
Build info: version: '3.11.0', revision: 'e59cfb3', time: '2018-03-11T20:26:55.152Z'
System info: host: 'IQA-KAPIL', ip: '192.168.15.142', os.name: 'Windows 7', os.arch: 'amd64', os.version: '6.1', java.version: '1.8.0'
Driver info: driver.version: unknown
	at org.openqa.selenium.support.ui.FluentWait.timeoutException(FluentWait.java:303)
	at org.openqa.selenium.support.ui.FluentWait.until(FluentWait.java:271)
	at com.scripts.lib.commonFunction.CommonUtills.waitForPageToLoadWithCond(CommonUtills.java:77)
	at com.scripts.businessLogic.DistrictJobOrderBL.enterCommonDetails(DistrictJobOrderBL.java:84)
	at com.scripts.businessLogic.DistrictJobOrderBL.enterDetailsForWithPostinEndDate(DistrictJobOrderBL.java:127)
	at com.scripts.businessLogic.DistrictJobOrderBL.createJobWithEndDate(DistrictJobOrderBL.java:501)
	at com.scripts.regTestCases.DADistJobOrder.downloadEXCEL(DADistJobOrder.java:71)
	at sun.reflect.NativeMethodAccessorImpl.invoke0(Native Method)
	at sun.reflect.NativeMethodAccessorImpl.invoke(Unknown Source)
	at sun.reflect.DelegatingMethodAccessorImpl.invoke(Unknown Source)
	at java.lang.reflect.Method.invoke(Unknown Source)
	at org.testng.internal.MethodInvocationHelper.invokeMethod(MethodInvocationHelper.java:85)
	at org.testng.internal.Invoker.invokeMethod(Invoker.java:639)
	at org.testng.internal.Invoker.invokeTestMethod(Invoker.java:816)
	at org.testng.internal.Invoker.invokeTestMethods(Invoker.java:1124)
	at org.testng.internal.TestMethodWorker.invokeTestMethods(TestMethodWorker.java:125)
	at org.testng.internal.TestMethodWorker.run(TestMethodWorker.java:108)
	at org.testng.TestRunner.privateRun(TestRunner.java:774)
	at org.testng.TestRunner.run(TestRunner.java:624)
	at org.testng.SuiteRunner.runTest(SuiteRunner.java:359)
	at org.testng.SuiteRunner.runSequentially(SuiteRunner.java:354)
	at org.testng.SuiteRunner.privateRun(SuiteRunner.java:312)
	at org.testng.SuiteRunner.run(SuiteRunner.java:261)
	at org.testng.SuiteRunnerWorker.runSuite(SuiteRunnerWorker.java:52)
	at org.testng.SuiteRunnerWorker.run(SuiteRunnerWorker.java:86)
	at org.testng.TestNG.runSuitesSequentially(TestNG.java:1191)
	at org.testng.TestNG.runSuitesLocally(TestNG.java:1116)
	at org.testng.TestNG.run(TestNG.java:1024)
	at org.testng.remote.RemoteTestNG.run(RemoteTestNG.java:112)
	at org.testng.remote.RemoteTestNG.initAndRun(RemoteTestNG.java:205)
	at org.testng.remote.RemoteTestNG.main(RemoteTestNG.java:176)
]]>
            </full-stacktrace>
          </exception> <!-- org.openqa.selenium.TimeoutException -->
          <reporter-output>
          </reporter-output>
        </test-method> <!-- downloadEXCEL -->
        <test-method status="PASS" signature="logout()[pri:0, instance:com.scripts.regTestCases.DADistJobOrder@27efef64]" name="logout" is-config="true" duration-ms="27257" started-at="2018-04-26T17:40:28Z" finished-at="2018-04-26T17:40:55Z">
          <reporter-output>
          </reporter-output>
        </test-method> <!-- logout -->
      </class> <!-- com.scripts.regTestCases.DADistJobOrder -->
      <class name="com.scripts.regTestCases.TMDistJobOrder">
        <test-method status="PASS" signature="configBeforeClass()[pri:0, instance:com.scripts.regTestCases.TMDistJobOrder@59f99ea]" name="configBeforeClass" is-config="true" duration-ms="36236" started-at="2018-04-26T17:31:50Z" finished-at="2018-04-26T17:32:27Z">
          <reporter-output>
          </reporter-output>
        </test-method> <!-- configBeforeClass -->
        <test-method status="PASS" signature="createJobWithPostingEndDate()[pri:0, instance:com.scripts.regTestCases.TMDistJobOrder@59f99ea]" name="createJobWithPostingEndDate" duration-ms="315981" started-at="2018-04-26T17:32:27Z" finished-at="2018-04-26T17:37:43Z">
          <reporter-output>
          </reporter-output>
        </test-method> <!-- createJobWithPostingEndDate -->
        <test-method status="PASS" signature="logout()[pri:0, instance:com.scripts.regTestCases.TMDistJobOrder@59f99ea]" name="logout" is-config="true" duration-ms="37723" started-at="2018-04-26T17:37:43Z" finished-at="2018-04-26T17:38:20Z">
          <reporter-output>
          </reporter-output>
        </test-method> <!-- logout -->
      </class> <!-- com.scripts.regTestCases.TMDistJobOrder -->
      <class name="com.scripts.regTestCases.CandidatePortfolio">
        <test-method status="PASS" signature="configBeforeClass()[pri:0, instance:com.scripts.regTestCases.CandidatePortfolio@3e6fa38a]" name="configBeforeClass" is-config="true" duration-ms="42341" started-at="2018-04-26T17:46:11Z" finished-at="2018-04-26T17:46:53Z">
          <reporter-output>
          </reporter-output>
        </test-method> <!-- configBeforeClass -->
        <test-method status="SKIP" signature="personalInfo()[pri:0, instance:com.scripts.regTestCases.CandidatePortfolio@3e6fa38a]" name="personalInfo" duration-ms="15416" started-at="2018-04-26T17:46:53Z" finished-at="2018-04-26T17:47:09Z">
          <exception class="org.testng.SkipException">
            <full-stacktrace>
              <![CDATA[org.testng.SkipException: 
	at com.scripts.lib.commonFunction.CommonUtills.click(CommonUtills.java:482)
	at com.scripts.businessLogic.CandidatePortfolioBL.personalInfo(CandidatePortfolioBL.java:22)
	at com.scripts.regTestCases.CandidatePortfolio.personalInfo(CandidatePortfolio.java:53)
	at sun.reflect.NativeMethodAccessorImpl.invoke0(Native Method)
	at sun.reflect.NativeMethodAccessorImpl.invoke(Unknown Source)
	at sun.reflect.DelegatingMethodAccessorImpl.invoke(Unknown Source)
	at java.lang.reflect.Method.invoke(Unknown Source)
	at org.testng.internal.MethodInvocationHelper.invokeMethod(MethodInvocationHelper.java:85)
	at org.testng.internal.Invoker.invokeMethod(Invoker.java:639)
	at org.testng.internal.Invoker.invokeTestMethod(Invoker.java:816)
	at org.testng.internal.Invoker.invokeTestMethods(Invoker.java:1124)
	at org.testng.internal.TestMethodWorker.invokeTestMethods(TestMethodWorker.java:125)
	at org.testng.internal.TestMethodWorker.run(TestMethodWorker.java:108)
	at org.testng.TestRunner.privateRun(TestRunner.java:774)
	at org.testng.TestRunner.run(TestRunner.java:624)
	at org.testng.SuiteRunner.runTest(SuiteRunner.java:359)
	at org.testng.SuiteRunner.runSequentially(SuiteRunner.java:354)
	at org.testng.SuiteRunner.privateRun(SuiteRunner.java:312)
	at org.testng.SuiteRunner.run(SuiteRunner.java:261)
	at org.testng.SuiteRunnerWorker.runSuite(SuiteRunnerWorker.java:52)
	at org.testng.SuiteRunnerWorker.run(SuiteRunnerWorker.java:86)
	at org.testng.TestNG.runSuitesSequentially(TestNG.java:1191)
	at org.testng.TestNG.runSuitesLocally(TestNG.java:1116)
	at org.testng.TestNG.run(TestNG.java:1024)
	at org.testng.remote.RemoteTestNG.run(RemoteTestNG.java:112)
	at org.testng.remote.RemoteTestNG.initAndRun(RemoteTestNG.java:205)
	at org.testng.remote.RemoteTestNG.main(RemoteTestNG.java:176)
]]>
            </full-stacktrace>
          </exception> <!-- org.testng.SkipException -->
          <reporter-output>
          </reporter-output>
        </test-method> <!-- personalInfo -->
        <test-method status="FAIL" signature="logout()[pri:0, instance:com.scripts.regTestCases.CandidatePortfolio@3e6fa38a]" name="logout" is-config="true" duration-ms="0" started-at="2018-04-26T17:47:09Z" finished-at="2018-04-26T17:47:09Z">
          <exception class="org.openqa.selenium.TimeoutException">
            <message>
              <![CDATA[Expected condition failed: waiting for com.scripts.lib.commonFunction.CommonUtills$1@146587a2 (tried for 30 second(s) with 2000 milliseconds interval)
Build info: version: '3.11.0', revision: 'e59cfb3', time: '2018-03-11T20:26:55.152Z'
System info: host: 'IQA-KAPIL', ip: '192.168.15.142', os.name: 'Windows 7', os.arch: 'amd64', os.version: '6.1', java.version: '1.8.0'
Driver info: driver.version: unknown]]>
            </message>
            <full-stacktrace>
              <![CDATA[org.openqa.selenium.TimeoutException: Expected condition failed: waiting for com.scripts.lib.commonFunction.CommonUtills$1@146587a2 (tried for 30 second(s) with 2000 milliseconds interval)
Build info: version: '3.11.0', revision: 'e59cfb3', time: '2018-03-11T20:26:55.152Z'
System info: host: 'IQA-KAPIL', ip: '192.168.15.142', os.name: 'Windows 7', os.arch: 'amd64', os.version: '6.1', java.version: '1.8.0'
Driver info: driver.version: unknown
	at org.openqa.selenium.support.ui.FluentWait.timeoutException(FluentWait.java:303)
	at org.openqa.selenium.support.ui.FluentWait.until(FluentWait.java:271)
	at com.scripts.lib.commonFunction.CommonUtills.waitForPageToLoadWithCond(CommonUtills.java:77)
	at com.scripts.businessLogic.LoginBL.logout(LoginBL.java:249)
	at com.scripts.regTestCases.CandidatePortfolio.logout(CandidatePortfolio.java:196)
	at sun.reflect.NativeMethodAccessorImpl.invoke0(Native Method)
	at sun.reflect.NativeMethodAccessorImpl.invoke(Unknown Source)
	at sun.reflect.DelegatingMethodAccessorImpl.invoke(Unknown Source)
	at java.lang.reflect.Method.invoke(Unknown Source)
	at org.testng.internal.MethodInvocationHelper.invokeMethod(MethodInvocationHelper.java:85)
	at org.testng.internal.Invoker.invokeConfigurationMethod(Invoker.java:510)
	at org.testng.internal.Invoker.invokeConfigurations(Invoker.java:211)
	at org.testng.internal.Invoker.invokeConfigurations(Invoker.java:138)
	at org.testng.internal.TestMethodWorker.invokeAfterClassMethods(TestMethodWorker.java:220)
	at org.testng.internal.TestMethodWorker.run(TestMethodWorker.java:111)
	at org.testng.TestRunner.privateRun(TestRunner.java:774)
	at org.testng.TestRunner.run(TestRunner.java:624)
	at org.testng.SuiteRunner.runTest(SuiteRunner.java:359)
	at org.testng.SuiteRunner.runSequentially(SuiteRunner.java:354)
	at org.testng.SuiteRunner.privateRun(SuiteRunner.java:312)
	at org.testng.SuiteRunner.run(SuiteRunner.java:261)
	at org.testng.SuiteRunnerWorker.runSuite(SuiteRunnerWorker.java:52)
	at org.testng.SuiteRunnerWorker.run(SuiteRunnerWorker.java:86)
	at org.testng.TestNG.runSuitesSequentially(TestNG.java:1191)
	at org.testng.TestNG.runSuitesLocally(TestNG.java:1116)
	at org.testng.TestNG.run(TestNG.java:1024)
	at org.testng.remote.RemoteTestNG.run(RemoteTestNG.java:112)
	at org.testng.remote.RemoteTestNG.initAndRun(RemoteTestNG.java:205)
	at org.testng.remote.RemoteTestNG.main(RemoteTestNG.java:176)
]]>
            </full-stacktrace>
          </exception> <!-- org.openqa.selenium.TimeoutException -->
          <reporter-output>
          </reporter-output>
        </test-method> <!-- logout -->
      </class> <!-- com.scripts.regTestCases.CandidatePortfolio -->
      <class name="com.scripts.regTestCases.JobPreferences">
        <test-method status="PASS" signature="configBeforeClass()[pri:0, instance:com.scripts.regTestCases.JobPreferences@6f7fd0e6]" name="configBeforeClass" is-config="true" duration-ms="91670" started-at="2018-04-26T17:40:55Z" finished-at="2018-04-26T17:42:27Z">
          <reporter-output>
          </reporter-output>
        </test-method> <!-- configBeforeClass -->
        <test-method status="PASS" signature="setJobPreferences()[pri:0, instance:com.scripts.regTestCases.JobPreferences@6f7fd0e6]" name="setJobPreferences" duration-ms="36554" started-at="2018-04-26T17:42:27Z" finished-at="2018-04-26T17:43:04Z">
          <reporter-output>
          </reporter-output>
        </test-method> <!-- setJobPreferences -->
        <test-method status="PASS" signature="logout()[pri:0, instance:com.scripts.regTestCases.JobPreferences@6f7fd0e6]" name="logout" is-config="true" duration-ms="31220" started-at="2018-04-26T17:43:04Z" finished-at="2018-04-26T17:43:35Z">
          <reporter-output>
          </reporter-output>
        </test-method> <!-- logout -->
      </class> <!-- com.scripts.regTestCases.JobPreferences -->
      <class name="com.scripts.regTestCases.HomePage">
        <test-method status="PASS" signature="homeBase()[pri:0, instance:com.scripts.regTestCases.HomePage@3532ec19]" name="homeBase" duration-ms="26094" started-at="2018-04-26T17:20:54Z" finished-at="2018-04-26T17:21:20Z">
          <reporter-output>
          </reporter-output>
        </test-method> <!-- homeBase -->
        <test-method status="PASS" signature="closeBrowser()[pri:0, instance:com.scripts.regTestCases.HomePage@3532ec19]" name="closeBrowser" is-config="true" duration-ms="668" started-at="2018-04-26T17:51:17Z" finished-at="2018-04-26T17:51:17Z">
          <reporter-output>
          </reporter-output>
        </test-method> <!-- closeBrowser -->
      </class> <!-- com.scripts.regTestCases.HomePage -->
    </test> <!-- NC Smoke Suite -->
  </suite> <!-- NC Smoke Suite -->
</testng-results>
